Arguments: 
  /usr/local/bin/node /usr/local/bin/yarn add env-cmd --dev

PATH: 
  /home/pham.tuan.viet/bin:/home/pham.tuan.viet/.local/bin:/usr/local/sbin:/usr/local/bin:/usr/sbin:/usr/bin:/sbin:/bin:/usr/games:/usr/local/games:/snap/bin

Yarn version: 
  1.22.4

Node version: 
  14.3.0

Platform: 
  linux x64

Trace: 
  Error: EACCES: permission denied, mkdir '/home/pham.tuan.viet/.cache/yarn/v6/npm-bcryptjs-2.4.3-9ab5627b93e60621ff7cdac5da9733027df1d0cb-integrity'

npm manifest: 
  {
    "name": "express-sample",
    "version": "1.0.0",
    "description": "Express with mongo",
    "main": "src/app.js",
    "scripts": {
      "test": "echo \"Error: no test specified\" && exit 1",
      "start": "node src/app.js",
      "dev": "nodemon --exec \"node src/app.js\""
    },
    "author": "",
    "license": "ISC",
    "dependencies": {
      "bcryptjs": "^2.4.3",
      "body-parser": "^1.18.2",
      "crypto-js": "^4.0.0",
      "express": "^4.16.2",
      "express-session": "^1.17.1",
      "jquery": "^3.5.1",
      "jsonwebtoken": "^8.1.0",
      "lodash": "^4.17.19",
      "moment": "^2.27.0",
      "mongoose": "^5.9.25",
      "nodemon": "^2.0.4",
      "passport": "0.3.2",
      "passport-local": "1.0.0",
      "request": "^2.83.0",
      "request-promise": "^4.2.2",
      "validator": "^9.1.1"
    }
  }

yarn manifest: 
  No manifest

Lockfile: 
  No lockfile
